** Warning: (vlib-34) Library already exists at "questa_lib/work".
Errors: 0, Warnings: 1
** Warning: (vlib-34) Library already exists at "questa_lib/msim".
Errors: 0, Warnings: 1
** Warning: (vlib-34) Library already exists at "questa_lib/msim/xil_defaultlib".
Errors: 0, Warnings: 1
QuestaSim vmap 2022.4_5 Lib Mapping Utility 2024.06 Jun 21 2024
vmap xil_defaultlib questa_lib/msim/xil_defaultlib 
Modifying modelsim.ini
QuestaSim-64 vlog 2022.4_5 Compiler 2024.06 Jun 21 2024
Start time: 09:30:23 on Apr 17,2025
vlog -incr -mfcu -sv -work xil_defaultlib "+incdir+../../../../bistatic_radar.srcs/sources_1/new" ../../../../bistatic_radar.srcs/sources_1/new/multiply.sv ../../../../bistatic_radar.srcs/sim_1/new/multiply_tb.sv 
-- Skipping module multiply
-- Compiling module multiply_tb

Top level modules:
	multiply_tb
End time: 09:30:25 on Apr 17,2025, Elapsed time: 0:00:02
Errors: 0, Warnings: 0
QuestaSim vlog 2022.4_5 Compiler 2024.06 Jun 21 2024
Start time: 09:30:25 on Apr 17,2025
vlog -work xil_defaultlib glbl.v 
-- Compiling module glbl

Top level modules:
	glbl
End time: 09:30:25 on Apr 17,2025, Elapsed time: 0:00:00
Errors: 0, Warnings: 0
