# //  Questa Sim-64
# //  Version 2022.4_5 linux_x86_64 Jun 21 2024
# //
# //  Copyright 1991-2024 Mentor Graphics Corporation
# //  All Rights Reserved.
# //
# //  QuestaSim and its associated documentation contain trade
# //  secrets and commercial or financial information that are the property of
# //  Mentor Graphics Corporation and are privileged, confidential,
# //  and exempt from disclosure under the Freedom of Information Act,
# //  5 U.S.C. Section 552. Furthermore, this information
# //  is prohibited from disclosure under the Trade Secrets Act,
# //  18 U.S.C. Section 1905.
# //
# do {system_tb_simulate.do}
# vsim -lib xil_defaultlib system_tb_opt 
# Start time: 11:26:50 on Apr 08,2025
# Loading sv_std.std
# Loading work.system_tb(fast)
# Loading work.system(fast)
# Loading work.register_file_if(fast__1)
# Loading work.register_file(fast)
# Loading work.glbl(fast)
# 1
# 1
# .main_pane.wave.interior.cs.body.pw.wf
# .main_pane.structure.interior.cs.body.struct
# .main_pane.objects.interior.cs.body.tree
# ** Note: $finish    : ../../../../bistatic_radar.srcs/sources_1/new/system_tb.sv(69)
#    Time: 41250 ps  Iteration: 0  Instance: /system_tb
# 1
# Break at ../../../../bistatic_radar.srcs/sources_1/new/system_tb.sv line 69
# End time: 11:27:33 on Apr 08,2025, Elapsed time: 0:00:43
# Errors: 0, Warnings: 0
