** Warning: (vlib-34) Library already exists at "questa_lib/work".
Errors: 0, Warnings: 1
** Warning: (vlib-34) Library already exists at "questa_lib/msim".
Errors: 0, Warnings: 1
** Warning: (vlib-34) Library already exists at "questa_lib/msim/xil_defaultlib".
Errors: 0, Warnings: 1
QuestaSim vmap 2022.4_5 Lib Mapping Utility 2024.06 Jun 21 2024
vmap xil_defaultlib questa_lib/msim/xil_defaultlib 
Modifying modelsim.ini
QuestaSim-64 vlog 2022.4_5 Compiler 2024.06 Jun 21 2024
Start time: 17:42:43 on Mar 31,2025
vlog -incr -mfcu -sv -work xil_defaultlib ../../../../blinky.srcs/sources_1/new/clock_divider.sv ../../../../blinky.srcs/sources_1/new/blinky_sv.sv 
-- Skipping module clock_divider
-- Skipping module blinky_sv

Top level modules:
	blinky_sv
End time: 17:42:43 on Mar 31,2025, Elapsed time: 0:00:00
Errors: 0, Warnings: 0
QuestaSim vlog 2022.4_5 Compiler 2024.06 Jun 21 2024
Start time: 17:42:43 on Mar 31,2025
vlog -work xil_defaultlib glbl.v 
-- Compiling module glbl

Top level modules:
	glbl
End time: 17:42:43 on Mar 31,2025, Elapsed time: 0:00:00
Errors: 0, Warnings: 0
